<?xml version="1.0" encoding="UTF-8"?>
<!-- Generated by org.testng.reporters.JUnitReportReporter -->
<testsuite skipped="0" hostname="XDSFC2419" name="com.mp.qa.TestCases.LoginPageTest" tests="1" failures="0" timestamp="2020-04-03T19:02:20 IST" time="41.933" errors="0">
  <testcase name="loginTest" time="41.933" classname="com.mp.qa.TestCases.LoginPageTest"/>
  <system-out/>
</testsuite> <!-- com.mp.qa.TestCases.LoginPageTest -->
